Start time: 13:07:04 on Jan 24,2025
qverilog que9_tb.v 
-- Compiling module tb

Top level modules:
	tb
# vsim tb -c -do "run -all; quit -f" -appendlog -l qverilog.log -vopt 
# ** Note: (vsim-3813) Design is being optimized due to module recompilation...
# //  Questa Sim-64
# //  Version 10.6b linux_x86_64 May 25 2017
# //
# //  Copyright 1991-2017 Mentor Graphics Corporation
# //  All Rights Reserved.
# //
# //  QuestaSim and its associated documentation contain trade
# //  secrets and commercial or financial information that are the property of
# //  Mentor Graphics Corporation and are privileged, confidential,
# //  and exempt from disclosure under the Freedom of Information Act,
# //  5 U.S.C. Section 552. Furthermore, this information
# //  is prohibited from disclosure under the Trade Secrets Act,
# //  18 U.S.C. Section 1905.
# //
# Loading work.tb(fast)
# run -all
# Q.1 Before execution: x = 001, y= 010
# Q.1 After execution: x = 001, y= 001
# Q.2 Before execution: x = 001, y= 010
# Q.2 After execution: x = 010, y= 001
# Q.3 Before execution: x = 001, y= 010
# Q.3 After execution: x = 010, y= 010
# Q.4 Before execution: x = 001, y= 010
# Q.4 After execution: x = 010, y= 010
# Q.5 Before execution: x = 001, y= 010
# Q.5 After execution: x = 001, y= 011
# ** Note: $finish    : que9_tb.v(59)
#    Time: 52 ns  Iteration: 0  Instance: /tb
# End time: 13:07:06 on Jan 24,2025, Elapsed time: 0:00:02
# Errors: 0, Warnings: 0
