Start time: 12:46:15 on Jan 21,2025
qverilog sub_tb.v 
-- Compiling module sub
-- Compiling module tb

Top level modules:
	tb
# vsim tb -c -do "run -all; quit -f" -appendlog -l qverilog.log -vopt 
# ** Note: (vsim-3813) Design is being optimized due to module recompilation...
# //  Questa Sim-64
# //  Version 10.6b linux_x86_64 May 25 2017
# //
# //  Copyright 1991-2017 Mentor Graphics Corporation
# //  All Rights Reserved.
# //
# //  QuestaSim and its associated documentation contain trade
# //  secrets and commercial or financial information that are the property of
# //  Mentor Graphics Corporation and are privileged, confidential,
# //  and exempt from disclosure under the Freedom of Information Act,
# //  5 U.S.C. Section 552. Furthermore, this information
# //  is prohibited from disclosure under the Trade Secrets Act,
# //  18 U.S.C. Section 1905.
# //
# Loading work.tb(fast)
# run -all
#  x = 0, y = 0, z = 0, d = 0, b = 0
#  x = 0, y = 0, z = 1, d = 1, b = 1
#  x = 0, y = 1, z = 0, d = 1, b = 1
#  x = 0, y = 1, z = 1, d = 0, b = 1
#  x = 1, y = 0, z = 0, d = 1, b = 0
#  x = 1, y = 0, z = 1, d = 0, b = 0
#  x = 1, y = 1, z = 0, d = 0, b = 0
#  x = 1, y = 1, z = 1, d = 1, b = 1
#  quit -f
# End time: 12:46:16 on Jan 21,2025, Elapsed time: 0:00:01
# Errors: 0, Warnings: 0
