Start time: 13:40:51 on Feb 11,2025
qverilog 2x1mux.v 
-- Compiling module mux

Top level modules:
	mux
# vsim mux -c -do "run -all; quit -f" -appendlog -l qverilog.log -vopt 
# ** Note: (vsim-3812) Design is being optimized...
# //  Questa Sim-64
# //  Version 10.6b linux_x86_64 May 25 2017
# //
# //  Copyright 1991-2017 Mentor Graphics Corporation
# //  All Rights Reserved.
# //
# //  QuestaSim and its associated documentation contain trade
# //  secrets and commercial or financial information that are the property of
# //  Mentor Graphics Corporation and are privileged, confidential,
# //  and exempt from disclosure under the Freedom of Information Act,
# //  5 U.S.C. Section 552. Furthermore, this information
# //  is prohibited from disclosure under the Trade Secrets Act,
# //  18 U.S.C. Section 1905.
# //
# Loading work.mux(fast)
# run -all
#  quit -f
# End time: 13:40:53 on Feb 11,2025, Elapsed time: 0:00:02
# Errors: 0, Warnings: 0
